<?xml version="1.0" encoding="UTF-8"?>
<testsuite name="GetExceededArrayTests" tests="2" skipped="0" failures="0" errors="0" timestamp="2021-12-15T09:39:30" hostname="DESKTOP-IVU08AF" time="0.004">
  <properties/>
  <testcase name="getExceededArray2()" classname="GetExceededArrayTests" time="0.002"/>
  <testcase name="getExceededArray()" classname="GetExceededArrayTests" time="0.001"/>
  <system-out><![CDATA[]]></system-out>
  <system-err><![CDATA[]]></system-err>
</testsuite>
