<?xml version="1.0" encoding="UTF-8"?>
<testsuite name="GetSumDiagonalTests" tests="2" skipped="0" failures="0" errors="0" timestamp="2021-12-15T09:39:30" hostname="DESKTOP-IVU08AF" time="0.005">
  <properties/>
  <testcase name="getDiagonalSumCorrect()" classname="GetSumDiagonalTests" time="0.004"/>
  <testcase name="getDiagonalSumCorrect2()" classname="GetSumDiagonalTests" time="0.001"/>
  <system-out><![CDATA[]]></system-out>
  <system-err><![CDATA[]]></system-err>
</testsuite>
