<?xml version="1.0" encoding="UTF-8"?>
<testsuite name="GetSumAtIndicesTests" tests="2" skipped="0" failures="0" errors="0" timestamp="2021-12-15T09:39:30" hostname="DESKTOP-IVU08AF" time="0.002">
  <properties/>
  <testcase name="getSumAtIndices2()" classname="GetSumAtIndicesTests" time="0.001"/>
  <testcase name="getSumAtIndices()" classname="GetSumAtIndicesTests" time="0.0"/>
  <system-out><![CDATA[]]></system-out>
  <system-err><![CDATA[]]></system-err>
</testsuite>
