<?xml version="1.0" encoding="UTF-8"?>
<testsuite name="TestClass" tests="1" skipped="0" failures="0" errors="0" timestamp="2021-10-04T09:37:41" hostname="DESKTOP-IVU08AF" time="0.02">
  <properties/>
  <testcase name="test()" classname="TestClass" time="0.02"/>
  <system-out><![CDATA[]]></system-out>
  <system-err><![CDATA[]]></system-err>
</testsuite>
