<?xml version="1.0" encoding="UTF-8"?>
<testsuite name="GetColSwappedTests" tests="2" skipped="0" failures="0" errors="0" timestamp="2021-12-15T09:39:30" hostname="DESKTOP-IVU08AF" time="0.025">
  <properties/>
  <testcase name="getColSwapped2()" classname="GetColSwappedTests" time="0.023"/>
  <testcase name="getColSwapped()" classname="GetColSwappedTests" time="0.002"/>
  <system-out><![CDATA[]]></system-out>
  <system-err><![CDATA[]]></system-err>
</testsuite>
